<?xml version="1.0" encoding="UTF-8"?>
<testng-results ignored="0" total="2" passed="2" failed="0" skipped="0">
  <reporter-output>
  </reporter-output>
  <suite started-at="2022-12-21T20:57:34 EET" name="Default suite" finished-at="2022-12-21T20:58:26 EET" duration-ms="51559">
    <groups>
    </groups>
    <test started-at="2022-12-21T20:57:34 EET" name="Default test" finished-at="2022-12-21T20:58:26 EET" duration-ms="51559">
      <class name="AB_Testing.Entry_Ad">
        <test-method is-config="true" signature="init()[pri:0, instance:AB_Testing.Entry_Ad@a514af7]" started-at="2022-12-21T20:57:34 EET" name="init" finished-at="2022-12-21T20:58:02 EET" duration-ms="28189" status="PASS">
          <reporter-output>
          </reporter-output>
        </test-method> <!-- init -->
        <test-method signature="checkFooter()[pri:0, instance:AB_Testing.Entry_Ad@a514af7]" started-at="2022-12-21T20:58:03 EET" name="checkFooter" finished-at="2022-12-21T20:58:03 EET" duration-ms="34" status="PASS">
          <reporter-output>
          </reporter-output>
        </test-method> <!-- checkFooter -->
        <test-method signature="test()[pri:0, instance:AB_Testing.Entry_Ad@a514af7]" started-at="2022-12-21T20:58:03 EET" name="test" finished-at="2022-12-21T20:58:10 EET" duration-ms="7055" status="PASS">
          <reporter-output>
          </reporter-output>
        </test-method> <!-- test -->
        <test-method is-config="true" signature="close()[pri:0, instance:AB_Testing.Entry_Ad@a514af7]" started-at="2022-12-21T20:58:10 EET" name="close" finished-at="2022-12-21T20:58:26 EET" duration-ms="16256" status="PASS">
          <reporter-output>
          </reporter-output>
        </test-method> <!-- close -->
      </class> <!-- AB_Testing.Entry_Ad -->
    </test> <!-- Default test -->
  </suite> <!-- Default suite -->
</testng-results>
